
================================================================================
TIMESTAMP: 2026-01-07 22:38:21
QUERY: What is the sum of column A?
TOKENS: Prompt: 343 | Response: 107 | Total: 692
--------------------------------------------------------------------------------
PROMPT SENT:

    You are an expert Python Data Analyst.
    
    User Query: "What is the sum of column A?"
    
    Dataset Info:
    <class 'pandas.core.frame.DataFrame'>
RangeIndex: 3 entries, 0 to 2
Data columns (total 2 columns):
 #   Column  Non-Null Count  Dtype
---  ------  --------------  -----
 0   A       3 non-null      int64
 1   B       3 non-null      int64
dtypes: int64(2)
memory usage: 180.0 bytes

    
    Sample Data:
       A  B
0  1  4
1  2  5
2  3  6
    
    Goal:
    Write a Python function named `analyze(df)` that takes the pandas DataFrame `df` as input and returns the answer to the user's query.
    
    Rules:
    - The function must be named `analyze`.
    - It must accept `df` as a parameter.
    - It must return a string or number (the answer).
    - Handle date columns assuming they might be strings (convert with pd.to_datetime if needed).
    - DO NOT write usage examples, just the function definition.
    - Use standard pandas operations.
    - CRITICAL: If the User Query is NOT related to the provided Dataset Info or data analysis, DO NOT generate any code. Instead, just output the exact text: "I can only answer questions about your company data."
    
--------------------------------------------------------------------------------
GENERATED CODE:
import pandas as pd

def analyze(df: pd.DataFrame):
    """
    Calculates the sum of column 'A'.
    """
    
    # Ensure column 'A' exists and calculate its sum
    if 'A' in df.columns:
        result = df['A'].sum()
        return result
    else:
        # Should not happen based on provided info, but good practice for robustness
        return "Column 'A' not found."
--------------------------------------------------------------------------------
RESULT: 6
ERROR: None
================================================================================

================================================================================
TIMESTAMP: 2026-01-07 22:41:54
QUERY: Cuál es el total de Ventas?
TOKENS: Prompt: 379 | Response: 200 | Total: 579
--------------------------------------------------------------------------------
PROMPT SENT:

    You are an expert Python Data Analyst.
    
    User Query: "Cuál es el total de Ventas?"
    
    Dataset Info:
    <class 'pandas.core.frame.DataFrame'>
RangeIndex: 3 entries, 0 to 2
Data columns (total 2 columns):
 #   Column    Non-Null Count  Dtype 
---  ------    --------------  ----- 
 0   Ventas    3 non-null      int64 
 1   Producto  3 non-null      object
dtypes: int64(1), object(1)
memory usage: 180.0+ bytes

    
    Sample Data:
       Ventas Producto
0     100        A
1     200        B
2     300        C
    
    Goal:
    Write a Python function named `analyze(df)` that takes the pandas DataFrame `df` as input and returns the answer to the user's query.
    
    Rules:
    - The function must be named `analyze`.
    - It must accept `df` as a parameter.
    - It must return a string or number (the answer).
    - Handle date columns assuming they might be strings (convert with pd.to_datetime if needed).
    - DO NOT write usage examples, just the function definition.
    - Use standard pandas operations.
    - CRITICAL: If the User Query is NOT related to the provided Dataset Info or data analysis, DO NOT generate any code. Instead, just output the exact text: "I can only answer questions about your company data." (Translated to the language of the User Query).
    - ANSWER in the same language as the User Query.
    
--------------------------------------------------------------------------------
GENERATED CODE:
import pandas as pd

def analyze(df: pd.DataFrame):
    """
    Calcula el total de la columna 'Ventas'.
    """
    
    # Verificar que la columna 'Ventas' existe y es numérica (int64 en este caso)
    if 'Ventas' not in df.columns:
        return "La columna 'Ventas' no se encontró en el DataFrame."
    
    try:
        total_ventas = df['Ventas'].sum()
        
        # Formatear el resultado si es necesario, aunque aquí se pide el valor
        # Se devuelve el valor numérico (int/float) o su representación en string.
        return f"El total de Ventas es: {total_ventas}"
        
    except TypeError:
        return "Error: La columna 'Ventas' contiene tipos de datos que no se pueden sumar."
--------------------------------------------------------------------------------
RESULT: El total de Ventas es: 600
ERROR: None
================================================================================
