
================================================================================
TIMESTAMP: 2026-01-05 20:27:40
QUERY: do the ranking of products for november 2024
--------------------------------------------------------------------------------
PROMPT SENT:

    You are an expert Python Data Analyst.
    
    User Query: "do the ranking of products for november 2024"
    
    Dataset Info:
    <class 'pandas.core.frame.DataFrame'>
RangeIndex: 1462 entries, 0 to 1461
Data columns (total 7 columns):
 #   Column         Non-Null Count  Dtype         
---  ------         --------------  -----         
 0   Date           1462 non-null   datetime64[ns]
 1   Product        1462 non-null   object        
 2   Branch         1462 non-null   object        
 3   Region         1462 non-null   object        
 4   Units Sold     1462 non-null   int64         
 5   Unit Price     1462 non-null   int64         
 6   Total Revenue  1462 non-null   int64         
dtypes: datetime64[ns](1), int64(3), object(3)
memory usage: 80.1+ KB

    
    Sample Data:
            Date     Product      Branch Region  Units Sold  Unit Price  Total Revenue
0 2024-01-01     Monitor  Sucursal A   West          18        1200          21600
1 2024-01-01    Keyboard  Sucursal C   West           4        1565           6260
2 2024-01-02  Headphones  Sucursal B   West          14         171           2394
    
    Goal:
    Write a Python function named `analyze(df)` that takes the pandas DataFrame `df` as input and returns the answer to the user's query.
    
    Rules:
    - The function must be named `analyze`.
    - It must accept `df` as a parameter.
    - It must return a string or number (the answer).
    - Handle date columns assuming they might be strings (convert with pd.to_datetime if needed).
    - DO NOT write usage examples, just the function definition.
    - Use standard pandas operations.
    
--------------------------------------------------------------------------------
GENERATED CODE:
import pandas as pd

def analyze(df: pd.DataFrame) -> str:
    """
    Ranks products based on Total Revenue specifically for November 2024.
    """
    
    # Ensure 'Date' column is in datetime format
    if not pd.api.types.is_datetime64_any_dtype(df['Date']):
        df['Date'] = pd.to_datetime(df['Date'])

    # Filter data for November 2024
    df_nov_2024 = df[
        (df['Date'].dt.year == 2024) & 
        (df['Date'].dt.month == 11)
    ]

    if df_nov_2024.empty:
        return "No sales data found for November 2024."

    # Aggregate Total Revenue by Product
    product_revenue = df_nov_2024.groupby('Product')['Total Revenue'].sum().reset_index()

    # Rank the products (sort descending by Total Revenue)
    product_revenue = product_revenue.sort_values(by='Total Revenue', ascending=False)
    
    # Calculate rank (using 'min' method for ties)
    product_revenue['Rank'] = product_revenue['Total Revenue'].rank(method='min', ascending=False).astype(int)

    # Prepare the final ranking DataFrame
    ranking_df = product_revenue[['Rank', 'Product', 'Total Revenue']]
    
    # Format the revenue for better readability
    ranking_df['Total Revenue'] = ranking_df['Total Revenue'].apply(lambda x: f"${x:,.0f}")
    
    # Set index to Rank
    ranking_df = ranking_df.set_index('Rank')

    
    result_string = "Product Ranking for November 2024 (based on Total Revenue):\n"
    result_string += ranking_df.to_string()
    
    return result_string
--------------------------------------------------------------------------------
RESULT: Product Ranking for November 2024 (based on Total Revenue):
         Product Total Revenue
Rank                          
1       Keyboard      $249,761
2        Monitor      $208,670
3          Mouse      $132,059
4     Headphones       $23,892
ERROR: None
================================================================================

================================================================================
TIMESTAMP: 2026-01-05 21:10:41
QUERY: do the ranking of products for november 2024
TOKENS: Prompt: 514 | Response: 466 | Total: 1574
--------------------------------------------------------------------------------
PROMPT SENT:

    You are an expert Python Data Analyst.
    
    User Query: "do the ranking of products for november 2024"
    
    Dataset Info:
    <class 'pandas.core.frame.DataFrame'>
RangeIndex: 1462 entries, 0 to 1461
Data columns (total 7 columns):
 #   Column         Non-Null Count  Dtype         
---  ------         --------------  -----         
 0   Date           1462 non-null   datetime64[ns]
 1   Product        1462 non-null   object        
 2   Branch         1462 non-null   object        
 3   Region         1462 non-null   object        
 4   Units Sold     1462 non-null   int64         
 5   Unit Price     1462 non-null   int64         
 6   Total Revenue  1462 non-null   int64         
dtypes: datetime64[ns](1), int64(3), object(3)
memory usage: 80.1+ KB

    
    Sample Data:
            Date     Product      Branch Region  Units Sold  Unit Price  Total Revenue
0 2024-01-01     Monitor  Sucursal A   West          18        1200          21600
1 2024-01-01    Keyboard  Sucursal C   West           4        1565           6260
2 2024-01-02  Headphones  Sucursal B   West          14         171           2394
    
    Goal:
    Write a Python function named `analyze(df)` that takes the pandas DataFrame `df` as input and returns the answer to the user's query.
    
    Rules:
    - The function must be named `analyze`.
    - It must accept `df` as a parameter.
    - It must return a string or number (the answer).
    - Handle date columns assuming they might be strings (convert with pd.to_datetime if needed).
    - DO NOT write usage examples, just the function definition.
    - Use standard pandas operations.
    
--------------------------------------------------------------------------------
GENERATED CODE:
import pandas as pd
import numpy as np

def analyze(df: pd.DataFrame) -> str:
    """
    Ranks products for November 2024 based on Total Revenue.
    """
    
    # 1. Ensure Date column is in datetime format
    try:
        df['Date'] = pd.to_datetime(df['Date'])
    except Exception:
        return "Error converting 'Date' column to datetime."

    # 2. Filter for November 2024
    target_year = 2024
    target_month = 11
    
    df_nov = df[
        (df['Date'].dt.year == target_year) & 
        (df['Date'].dt.month == target_month)
    ]
    
    if df_nov.empty:
        return f"No sales data found for products in {pd.to_datetime(f'{target_year}-{target_month}-01').strftime('%B %Y')}."

    # 3. Aggregate Total Revenue by Product
    revenue_ranking = df_nov.groupby('Product')['Total Revenue'].sum().reset_index()

    # 4. Sort and Rank
    revenue_ranking = revenue_ranking.sort_values(by='Total Revenue', ascending=False).reset_index(drop=True)
    revenue_ranking['Rank'] = revenue_ranking.index + 1
    
    # 5. Format Output String
    title = f"Product Ranking (November {target_year}) based on Total Revenue:\n"
    
    ranking_list = []
    
    for _, row in revenue_ranking.iterrows():
        product = row['Product']
        revenue = row['Total Revenue']
        rank = row['Rank']
        
        # Format revenue with commas
        formatted_revenue = f"${revenue:,.0f}"
        
        ranking_list.append(f"{rank}. {product}: {formatted_revenue}")
        
    return title + "\n".join(ranking_list)
--------------------------------------------------------------------------------
RESULT: Product Ranking (November 2024) based on Total Revenue:
1. Keyboard: $249,761
2. Monitor: $208,670
3. Mouse: $132,059
4. Headphones: $23,892
ERROR: None
================================================================================
